1649156681967	geckodriver	INFO	Listening on 127.0.0.1:42897
1649156681971	mozrunner::runner	INFO	Running command: "/usr/bin/firefox" "--marionette" "--remote-debugging-port" "52839" "-no-remote" "-profile" "/tmp/rust_mozprofileV16Awy"
[GFX1-]: glxtest: libEGL missing
1649156683744	Marionette	INFO	Marionette enabled
console.warn: SearchSettings: "get: No settings file exists, new profile?" (new NotFoundError("Could not open the file at /tmp/rust_mozprofileV16Awy/search.json.mozlz4", (void 0)))
DevTools listening on ws://localhost:52839/devtools/browser/4906fa53-03ab-413d-98eb-3f6f8e3a8363
1649156685168	Marionette	INFO	Listening on port 38191
1649156685192	RemoteAgent	WARN	TLS certificate errors will be ignored for this session
1649156695654	Marionette	INFO	Stopped listening on port 38191
console.warn: TopSitesFeed: Failed to fetch data from Contile server: NetworkError when attempting to fetch resource.
JavaScript error: chrome://remote/content/marionette/cert.js, line 55: NS_ERROR_NOT_AVAILABLE: Component returned failure code: 0x80040111 (NS_ERROR_NOT_AVAILABLE) [nsICertOverrideService.setDisableAllSecurityChecksAndLetAttackersInterceptMyData]

###!!! [Parent][PImageBridgeParent] Error: RunMessage(msgname=PImageBridge::Msg_WillClose) Channel closing: too late to send/recv, messages will be lost

1649157392798	geckodriver	INFO	Listening on 127.0.0.1:36167
1649157392802	mozrunner::runner	INFO	Running command: "/usr/bin/firefox" "--marionette" "--remote-debugging-port" "41079" "-no-remote" "-profile" "/tmp/rust_mozprofilesENmPJ"
1649157519627	geckodriver	INFO	Listening on 127.0.0.1:47727
1649157519631	mozrunner::runner	INFO	Running command: "/usr/bin/firefox" "--marionette" "--remote-debugging-port" "37429" "-no-remote" "-profile" "/tmp/rust_mozprofileEkfgcM"
1649158019434	geckodriver	INFO	Listening on 127.0.0.1:59001
1649158019438	mozrunner::runner	INFO	Running command: "/usr/bin/firefox" "--marionette" "--remote-debugging-port" "59249" "-no-remote" "-profile" "/tmp/rust_mozprofilej1YLtP"
1649158047371	geckodriver	INFO	Listening on 127.0.0.1:37977
1649158047375	mozrunner::runner	INFO	Running command: "/usr/bin/firefox" "--marionette" "--remote-debugging-port" "39203" "-no-remote" "-profile" "/tmp/rust_mozprofileDt8twA"
1649158514916	geckodriver	INFO	Listening on 127.0.0.1:34265
1649158514921	mozrunner::runner	INFO	Running command: "/usr/bin/firefox" "--marionette" "-headless" "--remote-debugging-port" "56333" "-no-remote" "-profile" "/tmp/rust_mozprofile433Nqn"
*** You are running in headless mode.
1649420339846	geckodriver	INFO	Listening on 127.0.0.1:54181
1649420339849	mozrunner::runner	INFO	Running command: "/usr/bin/firefox" "--marionette" "-headless" "--remote-debugging-port" "48055" "-no-remote" "-profile" "/tmp/rust_mozprofileqQeekD"
*** You are running in headless mode.
1649420573532	geckodriver	INFO	Listening on 127.0.0.1:48227
1649420573534	mozrunner::runner	INFO	Running command: "/usr/bin/firefox" "--marionette" "--remote-debugging-port" "45411" "-no-remote" "-profile" "/tmp/rust_mozprofile4EGMxl"
[GFX1-]: glxtest: libEGL missing
1649420575235	Marionette	INFO	Marionette enabled
console.warn: SearchSettings: "get: No settings file exists, new profile?" (new NotFoundError("Could not open the file at /tmp/rust_mozprofile4EGMxl/search.json.mozlz4", (void 0)))
DevTools listening on ws://localhost:45411/devtools/browser/d9e64591-d095-4e5e-9936-5543deff182c
1649420576690	Marionette	INFO	Listening on port 34579
Read port: 34579
1649420576758	RemoteAgent	WARN	TLS certificate errors will be ignored for this session
JavaScript warning: https://www.pccasegear.com/_Incapsula_Resource?SWJIYLWA=719d34d31c8e3a6e6fffd425f7e032f3&ns=1&cb=313506194, line 1: unreachable code after return statement
JavaScript warning: https://www.pccasegear.com/_Incapsula_Resource?SWJIYLWA=719d34d31c8e3a6e6fffd425f7e032f3&ns=1&cb=313506194, line 1: unreachable code after return statement
JavaScript warning: https://www.pccasegear.com/_Incapsula_Resource?SWJIYLWA=719d34d31c8e3a6e6fffd425f7e032f3&ns=1&cb=313506194 line 1 > eval, line 1: unreachable code after return statement
1649420588929	Marionette	INFO	Stopped listening on port 34579
console.warn: TopSitesFeed: Failed to fetch data from Contile server: NetworkError when attempting to fetch resource.
1649420593119	geckodriver	INFO	Listening on 127.0.0.1:49505
1649420593122	mozrunner::runner	INFO	Running command: "/usr/bin/firefox" "--marionette" "-headless" "--remote-debugging-port" "47785" "-no-remote" "-profile" "/tmp/rust_mozprofileEVypiw"
*** You are running in headless mode.
[GFX1-]: glxtest: libEGL missing
1649420594651	Marionette	INFO	Marionette enabled
[GFX1-]: RenderCompositorSWGL failed mapping default framebuffer, no dt
console.warn: SearchSettings: "get: No settings file exists, new profile?" (new NotFoundError("Could not open the file at /tmp/rust_mozprofileEVypiw/search.json.mozlz4", (void 0)))
DevTools listening on ws://localhost:47785/devtools/browser/e27e3a30-4184-4ab7-94e1-ace4131c3eeb
1649420595923	Marionette	INFO	Listening on port 44139
Read port: 44139
1649420595998	RemoteAgent	WARN	TLS certificate errors will be ignored for this session
JavaScript warning: https://www.pccasegear.com/_Incapsula_Resource?SWJIYLWA=719d34d31c8e3a6e6fffd425f7e032f3&ns=1&cb=1363259342, line 1: unreachable code after return statement
JavaScript warning: https://www.pccasegear.com/_Incapsula_Resource?SWJIYLWA=719d34d31c8e3a6e6fffd425f7e032f3&ns=1&cb=1363259342 line 1 > eval, line 1: unreachable code after return statement
1649423747391	geckodriver	INFO	Listening on 127.0.0.1:37815
1649423747902	mozrunner::runner	INFO	Running command: "/usr/bin/firefox" "--marionette" "-headless" "--remote-debugging-port" "34795" "-no-remote" "-profile" "/tmp/rust_mozprofile0ykX4e"
*** You are running in headless mode.
[GFX1-]: glxtest: libEGL missing
1649423754027	Marionette	INFO	Marionette enabled
[GFX1-]: RenderCompositorSWGL failed mapping default framebuffer, no dt
console.warn: SearchSettings: "get: No settings file exists, new profile?" (new NotFoundError("Could not open the file at /tmp/rust_mozprofile0ykX4e/search.json.mozlz4", (void 0)))
DevTools listening on ws://localhost:34795/devtools/browser/c49a371f-88a7-4705-9e10-abb75d46eda1
1649423755852	Marionette	INFO	Listening on port 35177
Read port: 35177
1649423755945	RemoteAgent	WARN	TLS certificate errors will be ignored for this session
JavaScript warning: https://www.pccasegear.com/_Incapsula_Resource?SWJIYLWA=719d34d31c8e3a6e6fffd425f7e032f3&ns=1&cb=306922414, line 1: unreachable code after return statement
JavaScript warning: https://www.pccasegear.com/_Incapsula_Resource?SWJIYLWA=719d34d31c8e3a6e6fffd425f7e032f3&ns=1&cb=306922414, line 1: unreachable code after return statement
JavaScript warning: https://www.pccasegear.com/_Incapsula_Resource?SWJIYLWA=719d34d31c8e3a6e6fffd425f7e032f3&ns=1&cb=306922414 line 1 > eval, line 1: unreachable code after return statement
