1649157602288	geckodriver	INFO	Listening on 127.0.0.1:46645
1649157602291	mozrunner::runner	INFO	Running command: "/usr/bin/firefox" "--marionette" "--remote-debugging-port" "44687" "-no-remote" "-profile" "/tmp/rust_mozprofileKMxKd1"
[GFX1-]: glxtest: libEGL missing
1649157603479	Marionette	INFO	Marionette enabled
console.warn: SearchSettings: "get: No settings file exists, new profile?" (new NotFoundError("Could not open the file at /tmp/rust_mozprofileKMxKd1/search.json.mozlz4", (void 0)))
DevTools listening on ws://localhost:44687/devtools/browser/6786a99e-1c52-4cd0-ab69-4686e29143cc
1649157604677	Marionette	INFO	Listening on port 46103
1649157604705	RemoteAgent	WARN	TLS certificate errors will be ignored for this session
1649157650296	geckodriver	INFO	Listening on 127.0.0.1:33179
1649157650298	mozrunner::runner	INFO	Running command: "/usr/bin/firefox" "--marionette" "--remote-debugging-port" "46635" "-no-remote" "-profile" "/tmp/rust_mozprofileikNsWO"
[GFX1-]: glxtest: libEGL missing
1649157651474	Marionette	INFO	Marionette enabled
console.warn: SearchSettings: "get: No settings file exists, new profile?" (new NotFoundError("Could not open the file at /tmp/rust_mozprofileikNsWO/search.json.mozlz4", (void 0)))
DevTools listening on ws://localhost:46635/devtools/browser/bbf82e8f-bd1b-4a17-ab26-827543f70cbc
1649157652705	Marionette	INFO	Listening on port 38831
1649157652898	RemoteAgent	WARN	TLS certificate errors will be ignored for this session
JavaScript warning: https://www.pccasegear.com/_Incapsula_Resource?SWJIYLWA=719d34d31c8e3a6e6fffd425f7e032f3&ns=1&cb=1635541626, line 1: unreachable code after return statement
JavaScript warning: https://www.pccasegear.com/_Incapsula_Resource?SWJIYLWA=719d34d31c8e3a6e6fffd425f7e032f3&ns=1&cb=1635541626, line 1: unreachable code after return statement
JavaScript warning: https://www.pccasegear.com/_Incapsula_Resource?SWJIYLWA=719d34d31c8e3a6e6fffd425f7e032f3&ns=1&cb=1635541626 line 1 > eval, line 1: unreachable code after return statement
1649157661108	Marionette	INFO	Stopped listening on port 46103
console.warn: TopSitesFeed: Failed to fetch data from Contile server: NetworkError when attempting to fetch resource.
1649157672509	Marionette	INFO	Stopped listening on port 38831
console.warn: TopSitesFeed: Failed to fetch data from Contile server: NetworkError when attempting to fetch resource.

###!!! [Parent][PImageBridgeParent] Error: RunMessage(msgname=PImageBridge::Msg_WillClose) Channel closing: too late to send/recv, messages will be lost

1649157941912	geckodriver	INFO	Listening on 127.0.0.1:59717
1649157941914	mozrunner::runner	INFO	Running command: "/usr/bin/firefox" "--marionette" "--remote-debugging-port" "40135" "-no-remote" "-profile" "/tmp/rust_mozprofile4gzptw"
[GFX1-]: glxtest: libEGL missing
1649157943042	Marionette	INFO	Marionette enabled
console.warn: SearchSettings: "get: No settings file exists, new profile?" (new NotFoundError("Could not open the file at /tmp/rust_mozprofile4gzptw/search.json.mozlz4", (void 0)))
DevTools listening on ws://localhost:40135/devtools/browser/d017eeeb-7899-49ce-8713-4a8765fcdd76
1649157944290	Marionette	INFO	Listening on port 37713
1649157944429	RemoteAgent	WARN	TLS certificate errors will be ignored for this session
1649157945037	Marionette	INFO	Stopped listening on port 37713
console.warn: TopSitesFeed: Failed to fetch data from Contile server: NetworkError when attempting to fetch resource.
JavaScript error: chrome://remote/content/marionette/cert.js, line 55: NS_ERROR_NOT_AVAILABLE: Component returned failure code: 0x80040111 (NS_ERROR_NOT_AVAILABLE) [nsICertOverrideService.setDisableAllSecurityChecksAndLetAttackersInterceptMyData]
1649158001514	geckodriver	INFO	Listening on 127.0.0.1:34517
1649158001516	mozrunner::runner	INFO	Running command: "/usr/bin/firefox" "--marionette" "--remote-debugging-port" "51413" "-no-remote" "-profile" "/tmp/rust_mozprofileyLUBfB"
[GFX1-]: glxtest: libEGL missing
1649158002734	Marionette	INFO	Marionette enabled
console.warn: SearchSettings: "get: No settings file exists, new profile?" (new NotFoundError("Could not open the file at /tmp/rust_mozprofileyLUBfB/search.json.mozlz4", (void 0)))
DevTools listening on ws://localhost:51413/devtools/browser/d160427f-f4d6-4acd-876c-53799c46d8ea
1649158003886	Marionette	INFO	Listening on port 41675
1649158003982	RemoteAgent	WARN	TLS certificate errors will be ignored for this session
JavaScript warning: https://www.pccasegear.com/_Incapsula_Resource?SWJIYLWA=719d34d31c8e3a6e6fffd425f7e032f3&ns=2&cb=1958240189, line 1: unreachable code after return statement
JavaScript warning: https://www.pccasegear.com/_Incapsula_Resource?SWJIYLWA=719d34d31c8e3a6e6fffd425f7e032f3&ns=2&cb=1958240189, line 1: unreachable code after return statement
JavaScript warning: https://www.pccasegear.com/_Incapsula_Resource?SWJIYLWA=719d34d31c8e3a6e6fffd425f7e032f3&ns=2&cb=1958240189, line 1: unreachable code after return statement
JavaScript warning: https://www.pccasegear.com/_Incapsula_Resource?SWJIYLWA=719d34d31c8e3a6e6fffd425f7e032f3&ns=2&cb=1958240189 line 1 > eval, line 1: unreachable code after return statement
JavaScript warning: https://www.pccasegear.com/_Incapsula_Resource?SWJIYLWA=719d34d31c8e3a6e6fffd425f7e032f3&ns=2&cb=1958240189 line 1 > eval, line 1: unreachable code after return statement
1649158007534	Marionette	INFO	Stopped listening on port 41675
JavaScript error: resource://gre/modules/UrlClassifierListManager.jsm, line 691: TypeError: this.tablesData[table] is undefined
console.warn: TopSitesFeed: Failed to fetch data from Contile server: NetworkError when attempting to fetch resource.
1649158235279	geckodriver	INFO	Listening on 127.0.0.1:53699
1649158235281	mozrunner::runner	INFO	Running command: "/usr/bin/firefox" "--marionette" "-headless" "--remote-debugging-port" "59961" "-no-remote" "-profile" "/tmp/rust_mozprofileumVdbm"
*** You are running in headless mode.
[GFX1-]: glxtest: libEGL missing
1649158236415	Marionette	INFO	Marionette enabled
[GFX1-]: RenderCompositorSWGL failed mapping default framebuffer, no dt
console.warn: SearchSettings: "get: No settings file exists, new profile?" (new NotFoundError("Could not open the file at /tmp/rust_mozprofileumVdbm/search.json.mozlz4", (void 0)))
DevTools listening on ws://localhost:59961/devtools/browser/978025de-7fa6-4cdf-83d8-9b518662a530
1649158237600	Marionette	INFO	Listening on port 45929
1649158237796	RemoteAgent	WARN	TLS certificate errors will be ignored for this session
JavaScript warning: https://www.pccasegear.com/_Incapsula_Resource?SWJIYLWA=719d34d31c8e3a6e6fffd425f7e032f3&ns=1&cb=1327839788, line 1: unreachable code after return statement
JavaScript warning: https://www.pccasegear.com/_Incapsula_Resource?SWJIYLWA=719d34d31c8e3a6e6fffd425f7e032f3&ns=1&cb=1327839788, line 1: unreachable code after return statement
JavaScript warning: https://www.pccasegear.com/_Incapsula_Resource?SWJIYLWA=719d34d31c8e3a6e6fffd425f7e032f3&ns=1&cb=1327839788, line 1: unreachable code after return statement
JavaScript warning: https://www.pccasegear.com/_Incapsula_Resource?SWJIYLWA=719d34d31c8e3a6e6fffd425f7e032f3&ns=1&cb=1327839788 line 1 > eval, line 1: unreachable code after return statement
JavaScript warning: https://www.pccasegear.com/_Incapsula_Resource?SWJIYLWA=719d34d31c8e3a6e6fffd425f7e032f3&ns=1&cb=1327839788 line 1 > eval, line 1: unreachable code after return statement
1649158468234	geckodriver	INFO	Listening on 127.0.0.1:35053
1649158468236	mozrunner::runner	INFO	Running command: "/usr/bin/firefox" "--marionette" "-headless" "--remote-debugging-port" "41429" "-no-remote" "-profile" "/tmp/rust_mozprofiles86FNB"
*** You are running in headless mode.
[GFX1-]: glxtest: libEGL missing
1649158469404	Marionette	INFO	Marionette enabled
[GFX1-]: RenderCompositorSWGL failed mapping default framebuffer, no dt
console.warn: SearchSettings: "get: No settings file exists, new profile?" (new NotFoundError("Could not open the file at /tmp/rust_mozprofiles86FNB/search.json.mozlz4", (void 0)))
DevTools listening on ws://localhost:41429/devtools/browser/81ce26d5-9565-49ab-9f0e-29a02049d1a6
1649158470683	Marionette	INFO	Listening on port 34441
1649158470790	RemoteAgent	WARN	TLS certificate errors will be ignored for this session
JavaScript warning: https://www.pccasegear.com/_Incapsula_Resource?SWJIYLWA=719d34d31c8e3a6e6fffd425f7e032f3&ns=1&cb=1963348735, line 1: unreachable code after return statement
JavaScript warning: https://www.pccasegear.com/_Incapsula_Resource?SWJIYLWA=719d34d31c8e3a6e6fffd425f7e032f3&ns=1&cb=1963348735, line 1: unreachable code after return statement
JavaScript warning: https://www.pccasegear.com/_Incapsula_Resource?SWJIYLWA=719d34d31c8e3a6e6fffd425f7e032f3&ns=1&cb=1963348735, line 1: unreachable code after return statement
JavaScript warning: https://www.pccasegear.com/_Incapsula_Resource?SWJIYLWA=719d34d31c8e3a6e6fffd425f7e032f3&ns=1&cb=1963348735 line 1 > eval, line 1: unreachable code after return statement
JavaScript warning: https://www.pccasegear.com/_Incapsula_Resource?SWJIYLWA=719d34d31c8e3a6e6fffd425f7e032f3&ns=1&cb=1963348735 line 1 > eval, line 1: unreachable code after return statement
1649158497028	geckodriver	INFO	Listening on 127.0.0.1:36575
1649158497031	mozrunner::runner	INFO	Running command: "/usr/bin/firefox" "--marionette" "-headless" "--remote-debugging-port" "48623" "-no-remote" "-profile" "/tmp/rust_mozprofile1LD8Ys"
*** You are running in headless mode.
[GFX1-]: glxtest: libEGL missing
1649158498188	Marionette	INFO	Marionette enabled
[GFX1-]: RenderCompositorSWGL failed mapping default framebuffer, no dt
console.warn: SearchSettings: "get: No settings file exists, new profile?" (new NotFoundError("Could not open the file at /tmp/rust_mozprofile1LD8Ys/search.json.mozlz4", (void 0)))
DevTools listening on ws://localhost:48623/devtools/browser/0379d894-59c1-4ee8-a6cf-b17b5aa5ba56
1649158499400	Marionette	INFO	Listening on port 37413
1649158499445	RemoteAgent	WARN	TLS certificate errors will be ignored for this session
JavaScript warning: https://www.pccasegear.com/_Incapsula_Resource?SWJIYLWA=719d34d31c8e3a6e6fffd425f7e032f3&ns=1&cb=428240025, line 1: unreachable code after return statement
JavaScript warning: https://www.pccasegear.com/_Incapsula_Resource?SWJIYLWA=719d34d31c8e3a6e6fffd425f7e032f3&ns=1&cb=428240025, line 1: unreachable code after return statement
JavaScript warning: https://www.pccasegear.com/_Incapsula_Resource?SWJIYLWA=719d34d31c8e3a6e6fffd425f7e032f3&ns=1&cb=428240025, line 1: unreachable code after return statement
JavaScript warning: https://www.pccasegear.com/_Incapsula_Resource?SWJIYLWA=719d34d31c8e3a6e6fffd425f7e032f3&ns=1&cb=428240025 line 1 > eval, line 1: unreachable code after return statement
JavaScript warning: https://www.pccasegear.com/_Incapsula_Resource?SWJIYLWA=719d34d31c8e3a6e6fffd425f7e032f3&ns=1&cb=428240025 line 1 > eval, line 1: unreachable code after return statement
1649158611287	geckodriver	INFO	Listening on 127.0.0.1:58887
1649158611289	mozrunner::runner	INFO	Running command: "/usr/bin/firefox" "--marionette" "-headless" "--remote-debugging-port" "44195" "-no-remote" "-profile" "/tmp/rust_mozprofilekzURjy"
*** You are running in headless mode.
[GFX1-]: glxtest: libEGL missing
1649158612447	Marionette	INFO	Marionette enabled
[GFX1-]: RenderCompositorSWGL failed mapping default framebuffer, no dt
console.warn: SearchSettings: "get: No settings file exists, new profile?" (new NotFoundError("Could not open the file at /tmp/rust_mozprofilekzURjy/search.json.mozlz4", (void 0)))
DevTools listening on ws://localhost:44195/devtools/browser/ccb9e112-d78f-4ba0-bccb-1ffeb72a8fd9
1649158613648	Marionette	INFO	Listening on port 44279
1649158613704	RemoteAgent	WARN	TLS certificate errors will be ignored for this session
JavaScript warning: https://www.pccasegear.com/_Incapsula_Resource?SWJIYLWA=719d34d31c8e3a6e6fffd425f7e032f3&ns=1&cb=1556759348, line 1: unreachable code after return statement
JavaScript warning: https://www.pccasegear.com/_Incapsula_Resource?SWJIYLWA=719d34d31c8e3a6e6fffd425f7e032f3&ns=1&cb=1556759348, line 1: unreachable code after return statement
JavaScript warning: https://www.pccasegear.com/_Incapsula_Resource?SWJIYLWA=719d34d31c8e3a6e6fffd425f7e032f3&ns=1&cb=1556759348 line 1 > eval, line 1: unreachable code after return statement
1649158643139	geckodriver	INFO	Listening on 127.0.0.1:34793
1649158643141	mozrunner::runner	INFO	Running command: "/usr/bin/firefox" "--marionette" "-headless" "--remote-debugging-port" "60459" "-no-remote" "-profile" "/tmp/rust_mozprofileuYBGK2"
*** You are running in headless mode.
[GFX1-]: glxtest: libEGL missing
1649158644320	Marionette	INFO	Marionette enabled
[GFX1-]: RenderCompositorSWGL failed mapping default framebuffer, no dt
console.warn: SearchSettings: "get: No settings file exists, new profile?" (new NotFoundError("Could not open the file at /tmp/rust_mozprofileuYBGK2/search.json.mozlz4", (void 0)))
DevTools listening on ws://localhost:60459/devtools/browser/1d3c6c0e-7075-4132-ad6c-6d3b7140e853
1649158645411	Marionette	INFO	Listening on port 35799
1649158645455	RemoteAgent	WARN	TLS certificate errors will be ignored for this session
JavaScript warning: https://www.pccasegear.com/_Incapsula_Resource?SWJIYLWA=719d34d31c8e3a6e6fffd425f7e032f3&ns=1&cb=271795920, line 1: unreachable code after return statement
JavaScript warning: https://www.pccasegear.com/_Incapsula_Resource?SWJIYLWA=719d34d31c8e3a6e6fffd425f7e032f3&ns=1&cb=271795920, line 1: unreachable code after return statement
JavaScript warning: https://www.pccasegear.com/_Incapsula_Resource?SWJIYLWA=719d34d31c8e3a6e6fffd425f7e032f3&ns=1&cb=271795920 line 1 > eval, line 1: unreachable code after return statement
1649158819384	geckodriver	INFO	Listening on 127.0.0.1:54105
1649158819386	mozrunner::runner	INFO	Running command: "/usr/bin/firefox" "--marionette" "-headless" "--remote-debugging-port" "44203" "-no-remote" "-profile" "/tmp/rust_mozprofilefpDAHb"
*** You are running in headless mode.
[GFX1-]: glxtest: libEGL missing
1649158820528	Marionette	INFO	Marionette enabled
[GFX1-]: RenderCompositorSWGL failed mapping default framebuffer, no dt
console.warn: SearchSettings: "get: No settings file exists, new profile?" (new NotFoundError("Could not open the file at /tmp/rust_mozprofilefpDAHb/search.json.mozlz4", (void 0)))
DevTools listening on ws://localhost:44203/devtools/browser/03cd0b93-39a8-4977-81fa-ff52cf8a2ac0
1649158821661	Marionette	INFO	Listening on port 43469
1649158821710	RemoteAgent	WARN	TLS certificate errors will be ignored for this session
JavaScript warning: https://www.pccasegear.com/_Incapsula_Resource?SWJIYLWA=719d34d31c8e3a6e6fffd425f7e032f3&ns=1&cb=957726174, line 1: unreachable code after return statement
JavaScript warning: https://www.pccasegear.com/_Incapsula_Resource?SWJIYLWA=719d34d31c8e3a6e6fffd425f7e032f3&ns=1&cb=957726174, line 1: unreachable code after return statement
JavaScript warning: https://www.pccasegear.com/_Incapsula_Resource?SWJIYLWA=719d34d31c8e3a6e6fffd425f7e032f3&ns=1&cb=957726174 line 1 > eval, line 1: unreachable code after return statement
1649158933053	geckodriver	INFO	Listening on 127.0.0.1:47225
1649158933055	mozrunner::runner	INFO	Running command: "/usr/bin/firefox" "--marionette" "-headless" "--remote-debugging-port" "53841" "-no-remote" "-profile" "/tmp/rust_mozprofile5fqAAh"
*** You are running in headless mode.
[GFX1-]: glxtest: libEGL missing
1649158934183	Marionette	INFO	Marionette enabled
[GFX1-]: RenderCompositorSWGL failed mapping default framebuffer, no dt
console.warn: SearchSettings: "get: No settings file exists, new profile?" (new NotFoundError("Could not open the file at /tmp/rust_mozprofile5fqAAh/search.json.mozlz4", (void 0)))
DevTools listening on ws://localhost:53841/devtools/browser/533f5420-a2df-4519-ab45-f44926173edb
1649158935367	Marionette	INFO	Listening on port 42731
1649158935469	RemoteAgent	WARN	TLS certificate errors will be ignored for this session
JavaScript warning: https://www.pccasegear.com/_Incapsula_Resource?SWJIYLWA=719d34d31c8e3a6e6fffd425f7e032f3&ns=1&cb=287095879, line 1: unreachable code after return statement
JavaScript warning: https://www.pccasegear.com/_Incapsula_Resource?SWJIYLWA=719d34d31c8e3a6e6fffd425f7e032f3&ns=1&cb=287095879, line 1: unreachable code after return statement
JavaScript warning: https://www.pccasegear.com/_Incapsula_Resource?SWJIYLWA=719d34d31c8e3a6e6fffd425f7e032f3&ns=1&cb=287095879, line 1: unreachable code after return statement
JavaScript warning: https://www.pccasegear.com/_Incapsula_Resource?SWJIYLWA=719d34d31c8e3a6e6fffd425f7e032f3&ns=1&cb=287095879 line 1 > eval, line 1: unreachable code after return statement
JavaScript warning: https://www.pccasegear.com/_Incapsula_Resource?SWJIYLWA=719d34d31c8e3a6e6fffd425f7e032f3&ns=1&cb=287095879 line 1 > eval, line 1: unreachable code after return statement
1649159080919	geckodriver	INFO	Listening on 127.0.0.1:37657
1649159080922	mozrunner::runner	INFO	Running command: "/usr/bin/firefox" "--marionette" "-headless" "--remote-debugging-port" "55955" "-no-remote" "-profile" "/tmp/rust_mozprofilei9nFQj"
*** You are running in headless mode.
[GFX1-]: glxtest: libEGL missing
1649159082085	Marionette	INFO	Marionette enabled
[GFX1-]: RenderCompositorSWGL failed mapping default framebuffer, no dt
console.warn: SearchSettings: "get: No settings file exists, new profile?" (new NotFoundError("Could not open the file at /tmp/rust_mozprofilei9nFQj/search.json.mozlz4", (void 0)))
DevTools listening on ws://localhost:55955/devtools/browser/c74b5312-b369-413f-8a2e-381994f3d8f4
1649159083478	Marionette	INFO	Listening on port 46259
1649159083574	RemoteAgent	WARN	TLS certificate errors will be ignored for this session
JavaScript warning: https://www.pccasegear.com/_Incapsula_Resource?SWJIYLWA=719d34d31c8e3a6e6fffd425f7e032f3&ns=1&cb=1936965739, line 1: unreachable code after return statement
JavaScript warning: https://www.pccasegear.com/_Incapsula_Resource?SWJIYLWA=719d34d31c8e3a6e6fffd425f7e032f3&ns=1&cb=1936965739, line 1: unreachable code after return statement
JavaScript warning: https://www.pccasegear.com/_Incapsula_Resource?SWJIYLWA=719d34d31c8e3a6e6fffd425f7e032f3&ns=1&cb=1936965739, line 1: unreachable code after return statement
JavaScript warning: https://www.pccasegear.com/_Incapsula_Resource?SWJIYLWA=719d34d31c8e3a6e6fffd425f7e032f3&ns=1&cb=1936965739 line 1 > eval, line 1: unreachable code after return statement
JavaScript warning: https://www.pccasegear.com/_Incapsula_Resource?SWJIYLWA=719d34d31c8e3a6e6fffd425f7e032f3&ns=1&cb=1936965739 line 1 > eval, line 1: unreachable code after return statement
1649159125187	geckodriver	INFO	Listening on 127.0.0.1:46631
1649159125190	mozrunner::runner	INFO	Running command: "/usr/bin/firefox" "--marionette" "-headless" "--remote-debugging-port" "45579" "-no-remote" "-profile" "/tmp/rust_mozprofilefWfyuR"
*** You are running in headless mode.
[GFX1-]: glxtest: libEGL missing
1649159126225	Marionette	INFO	Marionette enabled
[GFX1-]: RenderCompositorSWGL failed mapping default framebuffer, no dt
console.warn: SearchSettings: "get: No settings file exists, new profile?" (new NotFoundError("Could not open the file at /tmp/rust_mozprofilefWfyuR/search.json.mozlz4", (void 0)))
DevTools listening on ws://localhost:45579/devtools/browser/4610d8b9-4738-4823-9e4d-d1f437ef7b9d
1649159127368	Marionette	INFO	Listening on port 34845
1649159127404	RemoteAgent	WARN	TLS certificate errors will be ignored for this session
JavaScript warning: https://www.pccasegear.com/_Incapsula_Resource?SWJIYLWA=719d34d31c8e3a6e6fffd425f7e032f3&ns=1&cb=1343999602, line 1: unreachable code after return statement
JavaScript warning: https://www.pccasegear.com/_Incapsula_Resource?SWJIYLWA=719d34d31c8e3a6e6fffd425f7e032f3&ns=1&cb=1343999602, line 1: unreachable code after return statement
JavaScript warning: https://www.pccasegear.com/_Incapsula_Resource?SWJIYLWA=719d34d31c8e3a6e6fffd425f7e032f3&ns=1&cb=1343999602 line 1 > eval, line 1: unreachable code after return statement
1649159162052	geckodriver	INFO	Listening on 127.0.0.1:58553
1649159162056	mozrunner::runner	INFO	Running command: "/usr/bin/firefox" "--marionette" "-headless" "--remote-debugging-port" "56371" "-no-remote" "-profile" "/tmp/rust_mozprofileXDWnYG"
*** You are running in headless mode.
[GFX1-]: glxtest: libEGL missing
1649159163280	Marionette	INFO	Marionette enabled
[GFX1-]: RenderCompositorSWGL failed mapping default framebuffer, no dt
console.warn: SearchSettings: "get: No settings file exists, new profile?" (new NotFoundError("Could not open the file at /tmp/rust_mozprofileXDWnYG/search.json.mozlz4", (void 0)))
DevTools listening on ws://localhost:56371/devtools/browser/938ce016-f725-4f6e-9742-2f7123be5d99
1649159164505	Marionette	INFO	Listening on port 43669
1649159164571	RemoteAgent	WARN	TLS certificate errors will be ignored for this session
JavaScript warning: https://www.pccasegear.com/_Incapsula_Resource?SWJIYLWA=719d34d31c8e3a6e6fffd425f7e032f3&ns=1&cb=2035768635, line 1: unreachable code after return statement
JavaScript warning: https://www.pccasegear.com/_Incapsula_Resource?SWJIYLWA=719d34d31c8e3a6e6fffd425f7e032f3&ns=1&cb=2035768635, line 1: unreachable code after return statement
JavaScript warning: https://www.pccasegear.com/_Incapsula_Resource?SWJIYLWA=719d34d31c8e3a6e6fffd425f7e032f3&ns=1&cb=2035768635 line 1 > eval, line 1: unreachable code after return statement
1649159171436	geckodriver	INFO	Listening on 127.0.0.1:48717
1649159171438	mozrunner::runner	INFO	Running command: "/usr/bin/firefox" "--marionette" "-headless" "--remote-debugging-port" "33997" "-no-remote" "-profile" "/tmp/rust_mozprofiletjtitp"
*** You are running in headless mode.
[GFX1-]: glxtest: libEGL missing
1649159172433	Marionette	INFO	Marionette enabled
[GFX1-]: RenderCompositorSWGL failed mapping default framebuffer, no dt
console.warn: SearchSettings: "get: No settings file exists, new profile?" (new NotFoundError("Could not open the file at /tmp/rust_mozprofiletjtitp/search.json.mozlz4", (void 0)))
DevTools listening on ws://localhost:33997/devtools/browser/64eb9163-5a64-491a-8b32-e9e38e898d7a
1649159173565	Marionette	INFO	Listening on port 45625
1649159173678	RemoteAgent	WARN	TLS certificate errors will be ignored for this session
JavaScript warning: https://www.pccasegear.com/_Incapsula_Resource?SWJIYLWA=719d34d31c8e3a6e6fffd425f7e032f3&ns=1&cb=1540843155, line 1: unreachable code after return statement
JavaScript warning: https://www.pccasegear.com/_Incapsula_Resource?SWJIYLWA=719d34d31c8e3a6e6fffd425f7e032f3&ns=1&cb=1540843155, line 1: unreachable code after return statement
JavaScript warning: https://www.pccasegear.com/_Incapsula_Resource?SWJIYLWA=719d34d31c8e3a6e6fffd425f7e032f3&ns=1&cb=1540843155 line 1 > eval, line 1: unreachable code after return statement
1649159242498	geckodriver	INFO	Listening on 127.0.0.1:49703
1649159242500	mozrunner::runner	INFO	Running command: "/usr/bin/firefox" "--marionette" "-headless" "--remote-debugging-port" "53249" "-no-remote" "-profile" "/tmp/rust_mozprofileZTwj5g"
*** You are running in headless mode.
[GFX1-]: glxtest: libEGL missing
1649159243626	Marionette	INFO	Marionette enabled
[GFX1-]: RenderCompositorSWGL failed mapping default framebuffer, no dt
console.warn: SearchSettings: "get: No settings file exists, new profile?" (new NotFoundError("Could not open the file at /tmp/rust_mozprofileZTwj5g/search.json.mozlz4", (void 0)))
DevTools listening on ws://localhost:53249/devtools/browser/a5844b5a-ff2a-4583-abdb-08e1bb7b8efe
1649159244869	Marionette	INFO	Listening on port 35503
1649159244915	RemoteAgent	WARN	TLS certificate errors will be ignored for this session
JavaScript warning: https://www.pccasegear.com/_Incapsula_Resource?SWJIYLWA=719d34d31c8e3a6e6fffd425f7e032f3&ns=1&cb=786982327, line 1: unreachable code after return statement
JavaScript warning: https://www.pccasegear.com/_Incapsula_Resource?SWJIYLWA=719d34d31c8e3a6e6fffd425f7e032f3&ns=1&cb=786982327, line 1: unreachable code after return statement
JavaScript warning: https://www.pccasegear.com/_Incapsula_Resource?SWJIYLWA=719d34d31c8e3a6e6fffd425f7e032f3&ns=1&cb=786982327, line 1: unreachable code after return statement
JavaScript warning: https://www.pccasegear.com/_Incapsula_Resource?SWJIYLWA=719d34d31c8e3a6e6fffd425f7e032f3&ns=1&cb=786982327 line 1 > eval, line 1: unreachable code after return statement
JavaScript warning: https://www.pccasegear.com/_Incapsula_Resource?SWJIYLWA=719d34d31c8e3a6e6fffd425f7e032f3&ns=1&cb=786982327 line 1 > eval, line 1: unreachable code after return statement
1649159282883	geckodriver	INFO	Listening on 127.0.0.1:35233
1649159282885	mozrunner::runner	INFO	Running command: "/usr/bin/firefox" "--marionette" "-headless" "--remote-debugging-port" "60137" "-no-remote" "-profile" "/tmp/rust_mozprofiles5QtmO"
*** You are running in headless mode.
[GFX1-]: glxtest: libEGL missing
1649159283980	Marionette	INFO	Marionette enabled
[GFX1-]: RenderCompositorSWGL failed mapping default framebuffer, no dt
console.warn: SearchSettings: "get: No settings file exists, new profile?" (new NotFoundError("Could not open the file at /tmp/rust_mozprofiles5QtmO/search.json.mozlz4", (void 0)))
DevTools listening on ws://localhost:60137/devtools/browser/ebe40747-8d14-4f30-8d73-3e529a027026
1649159285287	Marionette	INFO	Listening on port 39615
1649159285457	RemoteAgent	WARN	TLS certificate errors will be ignored for this session
JavaScript warning: https://www.pccasegear.com/_Incapsula_Resource?SWJIYLWA=719d34d31c8e3a6e6fffd425f7e032f3&ns=1&cb=715253066, line 1: unreachable code after return statement
JavaScript warning: https://www.pccasegear.com/_Incapsula_Resource?SWJIYLWA=719d34d31c8e3a6e6fffd425f7e032f3&ns=1&cb=715253066, line 1: unreachable code after return statement
JavaScript warning: https://www.pccasegear.com/_Incapsula_Resource?SWJIYLWA=719d34d31c8e3a6e6fffd425f7e032f3&ns=1&cb=715253066 line 1 > eval, line 1: unreachable code after return statement
1649159320135	geckodriver	INFO	Listening on 127.0.0.1:54291
1649159320138	mozrunner::runner	INFO	Running command: "/usr/bin/firefox" "--marionette" "-headless" "--remote-debugging-port" "42629" "-no-remote" "-profile" "/tmp/rust_mozprofiledkmIbz"
*** You are running in headless mode.
[GFX1-]: glxtest: libEGL missing
1649159321177	Marionette	INFO	Marionette enabled
[GFX1-]: RenderCompositorSWGL failed mapping default framebuffer, no dt
console.warn: SearchSettings: "get: No settings file exists, new profile?" (new NotFoundError("Could not open the file at /tmp/rust_mozprofiledkmIbz/search.json.mozlz4", (void 0)))
DevTools listening on ws://localhost:42629/devtools/browser/684008a3-b92c-4c20-a1c8-1d46c90d0f69
1649159322330	Marionette	INFO	Listening on port 33799
1649159322386	RemoteAgent	WARN	TLS certificate errors will be ignored for this session
JavaScript warning: https://www.pccasegear.com/_Incapsula_Resource?SWJIYLWA=719d34d31c8e3a6e6fffd425f7e032f3&ns=1&cb=1923845655, line 1: unreachable code after return statement
JavaScript warning: https://www.pccasegear.com/_Incapsula_Resource?SWJIYLWA=719d34d31c8e3a6e6fffd425f7e032f3&ns=1&cb=1923845655, line 1: unreachable code after return statement
JavaScript warning: https://www.pccasegear.com/_Incapsula_Resource?SWJIYLWA=719d34d31c8e3a6e6fffd425f7e032f3&ns=1&cb=1923845655, line 1: unreachable code after return statement
JavaScript warning: https://www.pccasegear.com/_Incapsula_Resource?SWJIYLWA=719d34d31c8e3a6e6fffd425f7e032f3&ns=1&cb=1923845655 line 1 > eval, line 1: unreachable code after return statement
JavaScript warning: https://www.pccasegear.com/_Incapsula_Resource?SWJIYLWA=719d34d31c8e3a6e6fffd425f7e032f3&ns=1&cb=1923845655 line 1 > eval, line 1: unreachable code after return statement
1649159339349	geckodriver	INFO	Listening on 127.0.0.1:57735
1649159339352	mozrunner::runner	INFO	Running command: "/usr/bin/firefox" "--marionette" "-headless" "--remote-debugging-port" "58313" "-no-remote" "-profile" "/tmp/rust_mozprofileRmdCTe"
*** You are running in headless mode.
[GFX1-]: glxtest: libEGL missing
1649159340625	Marionette	INFO	Marionette enabled
[GFX1-]: RenderCompositorSWGL failed mapping default framebuffer, no dt
console.warn: SearchSettings: "get: No settings file exists, new profile?" (new NotFoundError("Could not open the file at /tmp/rust_mozprofileRmdCTe/search.json.mozlz4", (void 0)))
DevTools listening on ws://localhost:58313/devtools/browser/35917e33-576f-4301-bd52-6a2ac58bdadc
1649159341812	Marionette	INFO	Listening on port 44177
1649159341866	RemoteAgent	WARN	TLS certificate errors will be ignored for this session
JavaScript warning: https://www.pccasegear.com/_Incapsula_Resource?SWJIYLWA=719d34d31c8e3a6e6fffd425f7e032f3&ns=1&cb=1612793627, line 1: unreachable code after return statement
JavaScript warning: https://www.pccasegear.com/_Incapsula_Resource?SWJIYLWA=719d34d31c8e3a6e6fffd425f7e032f3&ns=1&cb=1612793627, line 1: unreachable code after return statement
JavaScript warning: https://www.pccasegear.com/_Incapsula_Resource?SWJIYLWA=719d34d31c8e3a6e6fffd425f7e032f3&ns=1&cb=1612793627, line 1: unreachable code after return statement
JavaScript warning: https://www.pccasegear.com/_Incapsula_Resource?SWJIYLWA=719d34d31c8e3a6e6fffd425f7e032f3&ns=1&cb=1612793627 line 1 > eval, line 1: unreachable code after return statement
JavaScript warning: https://www.pccasegear.com/_Incapsula_Resource?SWJIYLWA=719d34d31c8e3a6e6fffd425f7e032f3&ns=1&cb=1612793627 line 1 > eval, line 1: unreachable code after return statement
Exiting due to channel error.
Exiting due to channel error.
Exiting due to channel error.
Exiting due to channel error.
Exiting due to channel error.
Exiting due to channel error.
Exiting due to channel error.
Exiting due to channel error.
Exiting due to channel error.
Exiting due to channel error.
Exiting due to channel error.
Exiting due to channel error.
Exiting due to channel error.
Exiting due to channel error.
Exiting due to channel error.
Exiting due to channel error.
Exiting due to channel error.
Exiting due to channel error.
Exiting due to channel error.
Exiting due to channel error.
Exiting due to channel error.
Exiting due to channel error.
Exiting due to channel error.
Exiting due to channel error.
Exiting due to channel error.
Exiting due to channel error.
Exiting due to channel error.
Exiting due to channel error.
Exiting due to channel error.
Exiting due to channel error.
Exiting due to channel error.
Exiting due to channel error.
Exiting due to channel error.
Exiting due to channel error.
Exiting due to channel error.
Exiting due to channel error.
Exiting due to channel error.
Exiting due to channel error.
Exiting due to channel error.
Exiting due to channel error.
Exiting due to channel error.
Exiting due to channel error.
Exiting due to channel error.
[GFX1-]: Receive IPC close with reason=AbnormalShutdown
Exiting due to channel error.
Exiting due to channel error.
